48
48
48
48
26
48
20
0
13
20
48
65
22
13
42
13
65
48
48
58
22
21
22
52
52
13
13
20
83
46
81
81
81
48
81
13
83
11
81
13
81
20
81
48
22
58
48
58
31
83
81
81
81
13
81
44
83
13
102
110
83
22
102
83
102
81
81
21
102
121
48
131
13
22
81
131
22
131
121
121
81
131
13
20
121
140
140
22
13
140
140
13
121
140
131
140
121
140
140
140
22
22
140
140
140
140
69
140
162
162
140
140
162
13
140
162
140
121
162
162
20
140
131
140
102
121
131
162
162
162
162
102
140
131
70
131
162
131
93
162
140
121
131
162
162
140
162
162
131
121
196
162
162
205
131
162
140
140
0
162
83
162
205
121
131
175
204
218
13
162
162
205
162
13
140
140
162
162
162
162
162
102
102
70
205
162
162
123
20
162
93
204
205
162
22
70
140
205
69
20
140
140
70
204
121
13
13
13
175
162
218
140
162
13
140
162
52
140
162
13
162
131
70
13
70
140
204
140
140
196
142
162
205
140
13
121
175
162
121
162
142
162
205
121
162
13
270
162
131
0
69
270
13
13
162
162
140
162
70
292
140
140
270
131
205
270
140
162
140
121
162
270
205
270
140
52
162
205
162
270
196
140
162
13
236
140
205
162
175
204
252
102
69
102
205
270
140
20
140
140
140
140
13
140
13
205
140
162
140
231
140
140
13
140
359
131
270
204
142
140
140
131
140
140
204
140
22
121
205
359
121
359
20
359
162
375
359
140
359
175
140
140
131
359
196
140
205
196
353
162
121
375
254
162
359
359
359
131
196
131
359
83
270
142
131
359
375
204
397
196
175
162
162
162
359
359
205
131
270
162
175
175
359
140
140
359
359
375
419
397
131
121
162
421
375
397
419
121
397
162
121
359
162
292
123
397
205
140
205
196
131
419
162
162
140
162
421
196
175
236
140
419
196
359
375
292
162
375
419
419
421
204
102
205
44
419
131
397
375
453
162
397
205
419
20
20
375
447
359
375
421
123
480
162
123
419
375
162
397
492
359
375
102
421
375
480
359
162
22
254
421
123
359
20
196
121
162
480
480
359
83
