0
7
4
7
3
22
3
0
1
2
75
36
1
0
15
1
0
1
1
2
0
45
1
0
4
1
21
17
17
1
8
0
12
1
1
33
0
7
1
4
3
4
0
53
2
1
26
20
8
6
9
5
2
1
0
3
0
9
18
3
7
0
100
6
1
1
0
0
2
1
0
1
0
5
2
6
0
34
4
7
4
2
25
1
2
32
8
18
0
0
113
1
1
1
0
2
1
3
2
2
11
2
4
1
1
2
24
54
1
0
2
7
1
2
0
1
1
5
3
136
12
23
1
2
5
1
5
1
3
1
3
1
0
47
11
2
5
7
1
7
0
2
2
4
0
40
1
6
1
4
0
3
2
4
4
34
3
2
11
45
35
8
3
46
49
19
23
6
2
16
0
4
0
17
15
40
1
1
54
17
0
1
1
6
34
2
6
21
7
77
10
42
54
1
111
2
0
0
2
203
10
92
1
1
13
0
24
0
1
8
52
82
1
18
55
6
5
4
1
2
0
1
8
1
1
2
7
19
13
2
17
1
0
23
25
18
5
0
2
0
3
9
10
2
12
5
10
95
1
10
1
0
4
5
0
0
1
1
0
19
3
1
58
116
3
23
1
17
2
0
1
2
67
56
56
2
0
7
2
12
1
30
99
6
35
9
4
1
0
18
6
1
8
240
109
2
110
12
36
7
5
0
3
1
60
2
21
16
0
21
8
3
0
0
2
5
3
1
1
1
4
6
17
66
1
9
4
16
3
2
5
8
39
0
9
29
11
2
2
1
5
2
72
3
10
21
32
6
38
6
4
31
29
3
6
1
292
16
33
22
47
7
1
18
8
6
1
0
37
12
3
3
4
2
3
5
1
7
152
38
34
9
16
2
42
3
20
2
78
15
55
39
18
8
6
2
2
24
7
3
7
27
6
10
10
8
1
1
12
3
56
26
0
80
3
6
1
14
40
1
2
7
14
27
2
5
10
4
13
18
10
2
10
2
2
0
15
1
2
3
6
0
49
5
3
0
47
0
8
8
84
0
89
21
5
2
5
49
20
6
99
3
1
1
20
1
1
23
5
12
2
1
88
1
1
5
10
1
1
40
92
6
50
4
21
18
1
3
18
4
17
0
1
15
42
9
9
99
97
42
1
12
6
1
49
4
6
3
93
3
59
169
94
17
3
6
6
1
1
44
1
4
8
4
1
1
2
0
1
8
2
5
6
93
3
412
4
28
4
1
12
22
215
6
16
14
1
9
1
5
1
5
4
0
0
0
28
6
3
2
8
0
2
5
12
2
2
0
50
15
52
1
0
27
4
1
29
12
3
8
24
10
2
4
30
6
7
16
25
26
3
7
2
0
253
1
23
1
50
434
12
46
16
38
1
1
2
34
56
1
69
17
7
3
9
17
6
3
1
0
9
0
8
3
1
16
1
3
32
228
11
0
2
25
62
434
2
5
5
114
55
1
0
7
22
6
0
2
1
13
1
12
16
0
140
7
54
131
13
0
5
17
239
9
25
22
5
26
19
3
62
2
1
115
39
114
0
2
16
7
35
2
13
2
18
3
14
519
4
2
0
4
1
1020
58
19
2
37
17
70
13
16
13
65
80
35
262
1
6
5
2
13
61
13
14
2
25
253
23
71
5
1
484
121
8
12
6
33
126
2
0
0
73
5
12
36
14
25
3
5
3
54
19
6
3
3
10
37
12
260
1
68
547
68
0
16
4
5
33
131
1
2
57
2
2
2
256
12
68
14
19
29
5
72
21
24
6
5
73
4
41
25
16
23
5
1
35
9
0
2
5
6
9
22
15
1121
4
10
68
142
3
0
2
9
17
295
26
0
1
69
1
14
5
37
3
15
11
35
148
0
18
305
5
1
11
4
35
5
6
19
0
286
4
2
4
16
14
38
27
6
157
2
4
304
2
6
0
6
148
8
2
591
12
162
39
15
6
23
1
0
2
6
3
1
15
263
13
20
29
10
11
82
5
27
8
1
6
5
1
2
1
81
6
34
19
45
2
3
42
3
6
7
0
13
272
2
6
34
3
40
22
5
75
9
1
37
1
2
0
1
144
149
4
15
87
1
19
2
15
20
11
184
21
91
2
1
144
1
3
1
31
3
4
2
21
20
5
36
11
8
295
27
5
48
155
7
1312
161
5
1
2
1
4
7
92
707
9
2
88
2
85
79
9
2
2
2
90
42
10
23
8
2
72
0
358
8
7
24
49
2
10
660
43
8
2
11
1
12
2
14
2
3
43
5
3
11
1
40
43
4
